<?xml version="1.0" encoding="UTF-8"?>
<testsuite name="AcronymTest" tests="9" skipped="0" failures="0" errors="0" timestamp="2020-02-22T21:14:28" hostname="DESKTOP-LK9J62T" time="0.073">
  <properties/>
  <testcase name="underscoreEmphasis" classname="AcronymTest" time="0.007"/>
  <testcase name="lowercaseWords" classname="AcronymTest" time="0.0"/>
  <testcase name="apostrophes" classname="AcronymTest" time="0.003"/>
  <testcase name="basic" classname="AcronymTest" time="0.002"/>
  <testcase name="veryLongAbbreviation" classname="AcronymTest" time="0.003"/>
  <testcase name="nonAcronymAllCapsWord" classname="AcronymTest" time="0.002"/>
  <testcase name="consecutiveDelimiters" classname="AcronymTest" time="0.003"/>
  <testcase name="punctuationWithoutWhitespace" classname="AcronymTest" time="0.008"/>
  <testcase name="punctuation" classname="AcronymTest" time="0.011"/>
  <system-out><![CDATA[]]></system-out>
  <system-err><![CDATA[]]></system-err>
</testsuite>
