<?xml version="1.0" encoding="UTF-8"?>
<testsuite name="GigasecondTest" tests="5" skipped="0" failures="0" errors="0" timestamp="2020-02-18T17:22:13" hostname="DESKTOP-LK9J62T" time="0.014">
  <properties/>
  <testcase name="withFullTimeSpecified" classname="GigasecondTest" time="0.005"/>
  <testcase name="modernTime" classname="GigasecondTest" time="0.006"/>
  <testcase name="beforeEpochTime" classname="GigasecondTest" time="0.001"/>
  <testcase name="afterEpochTime" classname="GigasecondTest" time="0.0"/>
  <testcase name="withFullTimeSpecifiedAndDayRollover" classname="GigasecondTest" time="0.001"/>
  <system-out><![CDATA[]]></system-out>
  <system-err><![CDATA[]]></system-err>
</testsuite>
