<?xml version="1.0" encoding="UTF-8"?>
<testsuite name="ResistorColorTest" tests="4" skipped="0" failures="0" errors="0" timestamp="2020-02-16T14:33:27" hostname="DESKTOP-LK9J62T" time="0.019">
  <properties/>
  <testcase name="testWhiteColorCode" classname="ResistorColorTest" time="0.003"/>
  <testcase name="testColors" classname="ResistorColorTest" time="0.006"/>
  <testcase name="testBlackColorCode" classname="ResistorColorTest" time="0.003"/>
  <testcase name="testOrangeColorCode" classname="ResistorColorTest" time="0.002"/>
  <system-out><![CDATA[]]></system-out>
  <system-err><![CDATA[]]></system-err>
</testsuite>
