<?xml version="1.0" encoding="UTF-8"?>
<testsuite name="ScrabbleTest" tests="11" skipped="0" failures="0" errors="0" timestamp="2020-02-22T15:18:35" hostname="DESKTOP-LK9J62T" time="0.025">
  <properties/>
  <testcase name="testAShortValuableWord" classname="ScrabbleTest" time="0.009"/>
  <testcase name="testEntireAlphabetAvailable" classname="ScrabbleTest" time="0.005"/>
  <testcase name="testAUpperCaseLetter" classname="ScrabbleTest" time="0.001"/>
  <testcase name="testALongMixCaseWord" classname="ScrabbleTest" time="0.001"/>
  <testcase name="testAEnglishLikeWord" classname="ScrabbleTest" time="0.0"/>
  <testcase name="testAValuableLetter" classname="ScrabbleTest" time="0.0"/>
  <testcase name="testALowerCaseLetter" classname="ScrabbleTest" time="0.0"/>
  <testcase name="testAMediumWord" classname="ScrabbleTest" time="0.001"/>
  <testcase name="testAnEmptyInput" classname="ScrabbleTest" time="0.0"/>
  <testcase name="testAShortWord" classname="ScrabbleTest" time="0.0"/>
  <testcase name="testAMediumValuableWord" classname="ScrabbleTest" time="0.0"/>
  <system-out><![CDATA[]]></system-out>
  <system-err><![CDATA[]]></system-err>
</testsuite>
